# Ata da Reunião 1 - Gestão de Desenvolvimento

**Data:** xx/xx/xxx
**Hora:** xxhxx
**Local:** Teams  

**Responsável pela reunião e ata:** y

---

## 1. Participantes

| Nome            | Função                   | Presença  |
|-----------------|--------------------------|---------- |
| x               | Membro                   | ✔️       |
| y               | Responsável pela reunião | ✔️       |
| z               | Membro                   | ✔️       |
| a               | Membro                   | ❌       |

---

## 2. Objetivo / Pauta da Reunião

<!-- mensagem <!-->

1.  <!-- Mensagem !-->
2.  <!-- Mensagem !-->
3. <!-- Mensagem !-->

---

## 3. Atribuições da ultima reunião 

| Atividade | Descrição | autor | Data | Status |
| :-: | :-: | :-: | :-: | :-: |
| task | mensagem descritiva | nomes | 21/09/2025 | Em andamento / realizado / testes /  |

---

## 4. Atribuições para as proximas reuniões

| Atividade | Descrição | autor | Data |
| :-: | :-: | :-: | :-: | 
| task | descrição breve | nomes | data prevista para conclusão |

### 4.1 Divisão de Tarefas
- **Back-end:**  
  <!-- membros !-->
  - **Representante:** <!-- responsável !-->

- **Front-end:**  
  <!-- membros !--> 
  - **Representante:** <!-- responsável !-->

- **Banco de Dados:**  
  <!-- membros !-->
  - **Representante:** <!-- responsável !-->

- **Testes:**  
  <!-- membros !-->
  - **Representante:** <!-- responsável !-->

- **Deploy:**  
  <!-- membros !-->

### 4.2 Designação de Tarefas
- **Prototipação:**  
  <!-- membros !-->

- **Jornada do Usuário:**  
  <!-- membros !-->

- **Documentação:** 
  <!-- membros !-->

- **Desenvolvimento de Arquitetura:**  
  <!-- membros !-->

**Obs:** <!-- Mensagem !-->


---
## 5. Proposta de Tecnologias
- **Linguagens e Frameworks:**  
  <!-- tecnologias !-->
  **Alternativa:** <!-- tecnologias !-->

- **Banco de Dados:**  
  <!-- tecnologias !-->  

- **Gestão de API:**  
  <!-- tecnologias !-->  

- **Testes:**  
  <!-- tecnologias !--> 

- **Diagramação:**  
  <!-- tecnologias !--> 

- **Prototipação:**  
  <!-- tecnologias !-->  

- **Versionamento:**  
  <!-- tecnologias !--> 

- **Gestão de Projeto:**  
  <!-- tecnologias !--> 

- **Metodologia Ágil:**  
  <!-- tecnologias !--> 

---

---
# 6. Tabela de Versionamento 

| Versão | Data | Descrição da Alteração | Autor(es) | Revisor(es) |
| :-: | :-: | :-: | :-: | :-: |
| 1.0 | xx/xx/xxxx | Descrição aqui | nome | nome